build/app/intermediates/manifest_merge_blame_file/release/manifest-merger-blame-release-report.txt
1<?xml version="1.0" encoding="utf-8"?>
2<manifest xmlns:android="http://schemas.android.com/apk/res/android"
3    package="com.barhop.barhop"
4    android:versionCode="1"
5    android:versionName="1.0.0" >
6
7    <uses-sdk
8        android:minSdkVersion="21"
8-->src\main\AndroidManifest.xml
9        android:targetSdkVersion="30" />
9-->src\main\AndroidManifest.xml
10
11    <uses-permission android:name="android.permission.INTERNET" />
11-->src\main\AndroidManifest.xml:3:5-67
11-->src\main\AndroidManifest.xml:3:22-64
12    <uses-permission android:name="android.permission.ACCESS_NETWORK_STATE" />
12-->src\main\AndroidManifest.xml:4:5-79
12-->src\main\AndroidManifest.xml:4:22-76
13    <uses-permission android:name="android.permission.ACCESS_FINE_LOCATION" />
13-->src\main\AndroidManifest.xml:5:5-78
13-->src\main\AndroidManifest.xml:5:22-76
14    <uses-permission android:name="android.permission.ACCESS_COARSE_LOCATION" />
14-->src\main\AndroidManifest.xml:6:5-80
14-->src\main\AndroidManifest.xml:6:22-78
15    <uses-permission android:name="android.permission.WAKE_LOCK" /> <!-- Required by older versions of Google Play services to create IID tokens -->
15-->[com.google.firebase:firebase-iid:21.1.0] AndroidManifest.xml:24:5-68
15-->[com.google.firebase:firebase-iid:21.1.0] AndroidManifest.xml:24:22-65
16    <uses-permission android:name="com.google.android.c2dm.permission.RECEIVE" />
16-->[com.google.firebase:firebase-iid:21.1.0] AndroidManifest.xml:26:5-82
16-->[com.google.firebase:firebase-iid:21.1.0] AndroidManifest.xml:26:22-79
17    <uses-permission android:name="com.google.android.gms.permission.AD_ID" />
17-->[com.google.android.gms:play-services-measurement-api:20.1.2] AndroidManifest.xml:25:5-79
17-->[com.google.android.gms:play-services-measurement-api:20.1.2] AndroidManifest.xml:25:22-76
18
19    <uses-feature
19-->[com.google.android.gms:play-services-maps:17.0.0] AndroidManifest.xml:26:5-28:35
20        android:glEsVersion="0x00020000"
20-->[com.google.android.gms:play-services-maps:17.0.0] AndroidManifest.xml:27:9-41
21        android:required="true" />
21-->[com.google.android.gms:play-services-maps:17.0.0] AndroidManifest.xml:28:9-32
22
23    <uses-permission android:name="com.google.android.finsky.permission.BIND_GET_INSTALL_REFERRER_SERVICE" />
23-->[com.google.android.gms:play-services-measurement:20.1.2] AndroidManifest.xml:26:5-110
23-->[com.google.android.gms:play-services-measurement:20.1.2] AndroidManifest.xml:26:22-107
24
25    <application
25-->src\main\AndroidManifest.xml:7:5-46:19
26        android:appComponentFactory="androidx.core.app.CoreComponentFactory"
26-->[androidx.core:core:1.6.0] AndroidManifest.xml:24:18-86
27        android:icon="@mipmap/ic_launcher"
27-->src\main\AndroidManifest.xml:9:9-43
28        android:label="BarHop" >
28-->src\main\AndroidManifest.xml:8:9-31
29        <meta-data
29-->src\main\AndroidManifest.xml:10:9-11:73
30            android:name="com.google.android.geo.API_KEY"
30-->src\main\AndroidManifest.xml:10:20-65
31            android:value="AIzaSyARyzHiV8qmZUToyoLtao7CSwJ4ECrTVyE" />
31-->src\main\AndroidManifest.xml:11:16-71
32
33        <activity
33-->src\main\AndroidManifest.xml:12:9-40:20
34            android:name="com.barhop.barhop.MainActivity"
34-->src\main\AndroidManifest.xml:13:13-41
35            android:configChanges="orientation|keyboardHidden|keyboard|screenSize|smallestScreenSize|locale|layoutDirection|fontScale|screenLayout|density|uiMode"
35-->src\main\AndroidManifest.xml:16:13-163
36            android:hardwareAccelerated="true"
36-->src\main\AndroidManifest.xml:17:13-47
37            android:launchMode="singleTop"
37-->src\main\AndroidManifest.xml:14:13-43
38            android:theme="@style/LaunchTheme"
38-->src\main\AndroidManifest.xml:15:13-47
39            android:windowSoftInputMode="adjustResize" >
39-->src\main\AndroidManifest.xml:18:13-55
40
41            <!--
42                 Specifies an Android theme to apply to this Activity as soon as
43                 the Android process has started. This theme is visible to the user
44                 while the Flutter UI initializes. After that, this theme continues
45                 to determine the Window background behind the Flutter UI.
46            -->
47            <meta-data
47-->src\main\AndroidManifest.xml:23:13-26:17
48                android:name="io.flutter.embedding.android.NormalTheme"
48-->src\main\AndroidManifest.xml:24:15-70
49                android:resource="@style/NormalTheme" />
49-->src\main\AndroidManifest.xml:25:15-52
50            <!--
51                 Displays an Android View that continues showing the launch screen
52                 Drawable until Flutter paints its first frame, then this splash
53                 screen fades out. A splash screen is useful to avoid any visual
54                 gap between the end of Android's launch screen and the painting of
55                 Flutter's first frame.
56            -->
57            <meta-data
57-->src\main\AndroidManifest.xml:32:13-35:17
58                android:name="io.flutter.embedding.android.SplashScreenDrawable"
58-->src\main\AndroidManifest.xml:33:15-79
59                android:resource="@drawable/launch_background" />
59-->src\main\AndroidManifest.xml:34:15-61
60
61            <intent-filter>
61-->src\main\AndroidManifest.xml:36:13-39:29
62                <action android:name="android.intent.action.MAIN" />
62-->src\main\AndroidManifest.xml:37:17-68
62-->src\main\AndroidManifest.xml:37:25-66
63
64                <category android:name="android.intent.category.LAUNCHER" />
64-->src\main\AndroidManifest.xml:38:17-76
64-->src\main\AndroidManifest.xml:38:27-74
65            </intent-filter>
66        </activity>
67        <!--
68             Don't delete the meta-data below.
69             This is used by the Flutter tool to generate GeneratedPluginRegistrant.java
70        -->
71        <meta-data
71-->src\main\AndroidManifest.xml:43:9-45:33
72            android:name="flutterEmbedding"
72-->src\main\AndroidManifest.xml:44:13-44
73            android:value="2" />
73-->src\main\AndroidManifest.xml:45:13-30
74
75        <service
75-->[:cloud_functions] AndroidManifest.xml:8:9-12:19
76            android:name="com.google.firebase.components.ComponentDiscoveryService"
76-->[:cloud_functions] AndroidManifest.xml:8:18-89
77            android:directBootAware="true"
77-->[com.google.firebase:firebase-common:20.1.0] AndroidManifest.xml:35:13-43
78            android:exported="false" >
78-->[com.google.firebase:firebase-functions:20.0.2] AndroidManifest.xml:17:13-37
79            <meta-data
79-->[:cloud_functions] AndroidManifest.xml:9:13-11:85
80                android:name="com.google.firebase.components:io.flutter.plugins.firebase.functions.FlutterFirebaseAppRegistrar"
80-->[:cloud_functions] AndroidManifest.xml:10:17-128
81                android:value="com.google.firebase.components.ComponentRegistrar" />
81-->[:cloud_functions] AndroidManifest.xml:11:17-82
82            <meta-data
82-->[:firebase_auth] AndroidManifest.xml:9:13-11:85
83                android:name="com.google.firebase.components:io.flutter.plugins.firebase.auth.FlutterFirebaseAuthRegistrar"
83-->[:firebase_auth] AndroidManifest.xml:10:17-124
84                android:value="com.google.firebase.components.ComponentRegistrar" />
84-->[:firebase_auth] AndroidManifest.xml:11:17-82
85            <meta-data
85-->[:cloud_firestore] AndroidManifest.xml:9:13-11:85
86                android:name="com.google.firebase.components:io.flutter.plugins.firebase.firestore.FlutterFirebaseFirestoreRegistrar"
86-->[:cloud_firestore] AndroidManifest.xml:10:17-134
87                android:value="com.google.firebase.components.ComponentRegistrar" />
87-->[:cloud_firestore] AndroidManifest.xml:11:17-82
88            <meta-data
88-->[:firebase_core] AndroidManifest.xml:9:13-11:85
89                android:name="com.google.firebase.components:io.flutter.plugins.firebase.core.FlutterFirebaseCoreRegistrar"
89-->[:firebase_core] AndroidManifest.xml:10:17-124
90                android:value="com.google.firebase.components.ComponentRegistrar" />
90-->[:firebase_core] AndroidManifest.xml:11:17-82
91            <meta-data
91-->[com.google.firebase:firebase-functions:20.0.2] AndroidManifest.xml:18:13-20:85
92                android:name="com.google.firebase.components:com.google.firebase.functions.FunctionsRegistrar"
92-->[com.google.firebase:firebase-functions:20.0.2] AndroidManifest.xml:19:17-111
93                android:value="com.google.firebase.components.ComponentRegistrar" />
93-->[com.google.firebase:firebase-functions:20.0.2] AndroidManifest.xml:20:17-82
94            <meta-data
94-->[com.google.firebase:firebase-auth:21.0.3] AndroidManifest.xml:67:13-69:85
95                android:name="com.google.firebase.components:com.google.firebase.auth.FirebaseAuthRegistrar"
95-->[com.google.firebase:firebase-auth:21.0.3] AndroidManifest.xml:68:17-109
96                android:value="com.google.firebase.components.ComponentRegistrar" />
96-->[com.google.firebase:firebase-auth:21.0.3] AndroidManifest.xml:69:17-82
97            <meta-data
97-->[com.google.firebase:firebase-iid:21.1.0] AndroidManifest.xml:32:13-34:85
98                android:name="com.google.firebase.components:com.google.firebase.iid.Registrar"
98-->[com.google.firebase:firebase-iid:21.1.0] AndroidManifest.xml:33:17-96
99                android:value="com.google.firebase.components.ComponentRegistrar" />
99-->[com.google.firebase:firebase-iid:21.1.0] AndroidManifest.xml:34:17-82
100            <meta-data
100-->[com.google.firebase:firebase-firestore:24.1.0] AndroidManifest.xml:20:13-22:85
101                android:name="com.google.firebase.components:com.google.firebase.firestore.FirestoreRegistrar"
101-->[com.google.firebase:firebase-firestore:24.1.0] AndroidManifest.xml:21:17-111
102                android:value="com.google.firebase.components.ComponentRegistrar" />
102-->[com.google.firebase:firebase-firestore:24.1.0] AndroidManifest.xml:22:17-82
103            <meta-data
103-->[com.google.android.gms:play-services-measurement-api:20.1.2] AndroidManifest.xml:31:13-33:85
104                android:name="com.google.firebase.components:com.google.firebase.analytics.connector.internal.AnalyticsConnectorRegistrar"
104-->[com.google.android.gms:play-services-measurement-api:20.1.2] AndroidManifest.xml:32:17-139
105                android:value="com.google.firebase.components.ComponentRegistrar" />
105-->[com.google.android.gms:play-services-measurement-api:20.1.2] AndroidManifest.xml:33:17-82
106            <meta-data
106-->[com.google.firebase:firebase-installations:17.0.1] AndroidManifest.xml:18:13-20:85
107                android:name="com.google.firebase.components:com.google.firebase.installations.FirebaseInstallationsRegistrar"
107-->[com.google.firebase:firebase-installations:17.0.1] AndroidManifest.xml:19:17-127
108                android:value="com.google.firebase.components.ComponentRegistrar" />
108-->[com.google.firebase:firebase-installations:17.0.1] AndroidManifest.xml:20:17-82
109        </service>
110        <service
110-->[:location] AndroidManifest.xml:11:9-15:56
111            android:name="com.lyokone.location.FlutterLocationService"
111-->[:location] AndroidManifest.xml:12:13-71
112            android:enabled="true"
112-->[:location] AndroidManifest.xml:13:13-35
113            android:exported="false"
113-->[:location] AndroidManifest.xml:14:13-37
114            android:foregroundServiceType="location" />
114-->[:location] AndroidManifest.xml:15:13-53
115
116        <uses-library
116-->[androidx.window:window:1.0.0-beta04] AndroidManifest.xml:25:9-27:40
117            android:name="androidx.window.extensions"
117-->[androidx.window:window:1.0.0-beta04] AndroidManifest.xml:26:13-54
118            android:required="false" />
118-->[androidx.window:window:1.0.0-beta04] AndroidManifest.xml:27:13-37
119        <uses-library
119-->[androidx.window:window:1.0.0-beta04] AndroidManifest.xml:28:9-30:40
120            android:name="androidx.window.sidecar"
120-->[androidx.window:window:1.0.0-beta04] AndroidManifest.xml:29:13-51
121            android:required="false" />
121-->[androidx.window:window:1.0.0-beta04] AndroidManifest.xml:30:13-37
122
123        <activity
123-->[com.google.firebase:firebase-auth:21.0.3] AndroidManifest.xml:27:9-44:20
124            android:name="com.google.firebase.auth.internal.GenericIdpActivity"
124-->[com.google.firebase:firebase-auth:21.0.3] AndroidManifest.xml:28:13-80
125            android:excludeFromRecents="true"
125-->[com.google.firebase:firebase-auth:21.0.3] AndroidManifest.xml:29:13-46
126            android:exported="true"
126-->[com.google.firebase:firebase-auth:21.0.3] AndroidManifest.xml:30:13-36
127            android:launchMode="singleTask"
127-->[com.google.firebase:firebase-auth:21.0.3] AndroidManifest.xml:31:13-44
128            android:theme="@android:style/Theme.Translucent.NoTitleBar" >
128-->[com.google.firebase:firebase-auth:21.0.3] AndroidManifest.xml:32:13-72
129            <intent-filter>
129-->[com.google.firebase:firebase-auth:21.0.3] AndroidManifest.xml:33:13-43:29
130                <action android:name="android.intent.action.VIEW" />
130-->[com.google.firebase:firebase-auth:21.0.3] AndroidManifest.xml:34:17-69
130-->[com.google.firebase:firebase-auth:21.0.3] AndroidManifest.xml:34:25-66
131
132                <category android:name="android.intent.category.DEFAULT" />
132-->[com.google.firebase:firebase-auth:21.0.3] AndroidManifest.xml:36:17-76
132-->[com.google.firebase:firebase-auth:21.0.3] AndroidManifest.xml:36:27-73
133                <category android:name="android.intent.category.BROWSABLE" />
133-->[com.google.firebase:firebase-auth:21.0.3] AndroidManifest.xml:37:17-78
133-->[com.google.firebase:firebase-auth:21.0.3] AndroidManifest.xml:37:27-75
134
135                <data
135-->[com.google.firebase:firebase-auth:21.0.3] AndroidManifest.xml:39:17-42:51
136                    android:host="firebase.auth"
136-->[com.google.firebase:firebase-auth:21.0.3] AndroidManifest.xml:40:21-49
137                    android:path="/"
137-->[com.google.firebase:firebase-auth:21.0.3] AndroidManifest.xml:41:21-37
138                    android:scheme="genericidp" />
138-->[com.google.firebase:firebase-auth:21.0.3] AndroidManifest.xml:42:21-48
139            </intent-filter>
140        </activity>
141        <activity
141-->[com.google.firebase:firebase-auth:21.0.3] AndroidManifest.xml:45:9-62:20
142            android:name="com.google.firebase.auth.internal.RecaptchaActivity"
142-->[com.google.firebase:firebase-auth:21.0.3] AndroidManifest.xml:46:13-79
143            android:excludeFromRecents="true"
143-->[com.google.firebase:firebase-auth:21.0.3] AndroidManifest.xml:47:13-46
144            android:exported="true"
144-->[com.google.firebase:firebase-auth:21.0.3] AndroidManifest.xml:48:13-36
145            android:launchMode="singleTask"
145-->[com.google.firebase:firebase-auth:21.0.3] AndroidManifest.xml:49:13-44
146            android:theme="@android:style/Theme.Translucent.NoTitleBar" >
146-->[com.google.firebase:firebase-auth:21.0.3] AndroidManifest.xml:50:13-72
147            <intent-filter>
147-->[com.google.firebase:firebase-auth:21.0.3] AndroidManifest.xml:51:13-61:29
148                <action android:name="android.intent.action.VIEW" />
148-->[com.google.firebase:firebase-auth:21.0.3] AndroidManifest.xml:34:17-69
148-->[com.google.firebase:firebase-auth:21.0.3] AndroidManifest.xml:34:25-66
149
150                <category android:name="android.intent.category.DEFAULT" />
150-->[com.google.firebase:firebase-auth:21.0.3] AndroidManifest.xml:36:17-76
150-->[com.google.firebase:firebase-auth:21.0.3] AndroidManifest.xml:36:27-73
151                <category android:name="android.intent.category.BROWSABLE" />
151-->[com.google.firebase:firebase-auth:21.0.3] AndroidManifest.xml:37:17-78
151-->[com.google.firebase:firebase-auth:21.0.3] AndroidManifest.xml:37:27-75
152
153                <data
153-->[com.google.firebase:firebase-auth:21.0.3] AndroidManifest.xml:39:17-42:51
154                    android:host="firebase.auth"
154-->[com.google.firebase:firebase-auth:21.0.3] AndroidManifest.xml:40:21-49
155                    android:path="/"
155-->[com.google.firebase:firebase-auth:21.0.3] AndroidManifest.xml:41:21-37
156                    android:scheme="recaptcha" />
156-->[com.google.firebase:firebase-auth:21.0.3] AndroidManifest.xml:42:21-48
157            </intent-filter>
158        </activity>
159
160        <provider
160-->[com.google.firebase:firebase-common:20.1.0] AndroidManifest.xml:26:9-31:39
161            android:name="com.google.firebase.provider.FirebaseInitProvider"
161-->[com.google.firebase:firebase-common:20.1.0] AndroidManifest.xml:27:13-77
162            android:authorities="com.barhop.barhop.firebaseinitprovider"
162-->[com.google.firebase:firebase-common:20.1.0] AndroidManifest.xml:28:13-72
163            android:directBootAware="true"
163-->[com.google.firebase:firebase-common:20.1.0] AndroidManifest.xml:29:13-43
164            android:exported="false"
164-->[com.google.firebase:firebase-common:20.1.0] AndroidManifest.xml:30:13-37
165            android:initOrder="100" /> <!-- Needs to be explicitly declared on P+ -->
165-->[com.google.firebase:firebase-common:20.1.0] AndroidManifest.xml:31:13-36
166        <uses-library
166-->[com.google.android.gms:play-services-maps:17.0.0] AndroidManifest.xml:33:9-35:40
167            android:name="org.apache.http.legacy"
167-->[com.google.android.gms:play-services-maps:17.0.0] AndroidManifest.xml:34:13-50
168            android:required="false" />
168-->[com.google.android.gms:play-services-maps:17.0.0] AndroidManifest.xml:35:13-37
169
170        <activity
170-->[com.google.android.gms:play-services-auth:20.0.1] AndroidManifest.xml:23:9-27:75
171            android:name="com.google.android.gms.auth.api.signin.internal.SignInHubActivity"
171-->[com.google.android.gms:play-services-auth:20.0.1] AndroidManifest.xml:24:13-93
172            android:excludeFromRecents="true"
172-->[com.google.android.gms:play-services-auth:20.0.1] AndroidManifest.xml:25:13-46
173            android:exported="false"
173-->[com.google.android.gms:play-services-auth:20.0.1] AndroidManifest.xml:26:13-37
174            android:theme="@android:style/Theme.Translucent.NoTitleBar" />
174-->[com.google.android.gms:play-services-auth:20.0.1] AndroidManifest.xml:27:13-72
175        <!--
176            Service handling Google Sign-In user revocation. For apps that do not integrate with
177            Google Sign-In, this service will never be started.
178        -->
179        <service
179-->[com.google.android.gms:play-services-auth:20.0.1] AndroidManifest.xml:33:9-37:51
180            android:name="com.google.android.gms.auth.api.signin.RevocationBoundService"
180-->[com.google.android.gms:play-services-auth:20.0.1] AndroidManifest.xml:34:13-89
181            android:exported="true"
181-->[com.google.android.gms:play-services-auth:20.0.1] AndroidManifest.xml:35:13-36
182            android:permission="com.google.android.gms.auth.api.signin.permission.REVOCATION_NOTIFICATION"
182-->[com.google.android.gms:play-services-auth:20.0.1] AndroidManifest.xml:36:13-107
183            android:visibleToInstantApps="true" />
183-->[com.google.android.gms:play-services-auth:20.0.1] AndroidManifest.xml:37:13-48
184
185        <activity
185-->[com.google.android.gms:play-services-base:18.0.1] AndroidManifest.xml:20:9-22:45
186            android:name="com.google.android.gms.common.api.GoogleApiActivity"
186-->[com.google.android.gms:play-services-base:18.0.1] AndroidManifest.xml:20:19-85
187            android:exported="false"
187-->[com.google.android.gms:play-services-base:18.0.1] AndroidManifest.xml:22:19-43
188            android:theme="@android:style/Theme.Translucent.NoTitleBar" />
188-->[com.google.android.gms:play-services-base:18.0.1] AndroidManifest.xml:21:19-78
189
190        <receiver
190-->[com.google.android.gms:play-services-measurement:20.1.2] AndroidManifest.xml:29:9-33:20
191            android:name="com.google.android.gms.measurement.AppMeasurementReceiver"
191-->[com.google.android.gms:play-services-measurement:20.1.2] AndroidManifest.xml:30:13-85
192            android:enabled="true"
192-->[com.google.android.gms:play-services-measurement:20.1.2] AndroidManifest.xml:31:13-35
193            android:exported="false" >
193-->[com.google.android.gms:play-services-measurement:20.1.2] AndroidManifest.xml:32:13-37
194        </receiver>
195
196        <service
196-->[com.google.android.gms:play-services-measurement:20.1.2] AndroidManifest.xml:35:9-38:40
197            android:name="com.google.android.gms.measurement.AppMeasurementService"
197-->[com.google.android.gms:play-services-measurement:20.1.2] AndroidManifest.xml:36:13-84
198            android:enabled="true"
198-->[com.google.android.gms:play-services-measurement:20.1.2] AndroidManifest.xml:37:13-35
199            android:exported="false" />
199-->[com.google.android.gms:play-services-measurement:20.1.2] AndroidManifest.xml:38:13-37
200        <service
200-->[com.google.android.gms:play-services-measurement:20.1.2] AndroidManifest.xml:39:9-43:72
201            android:name="com.google.android.gms.measurement.AppMeasurementJobService"
201-->[com.google.android.gms:play-services-measurement:20.1.2] AndroidManifest.xml:40:13-87
202            android:enabled="true"
202-->[com.google.android.gms:play-services-measurement:20.1.2] AndroidManifest.xml:41:13-35
203            android:exported="false"
203-->[com.google.android.gms:play-services-measurement:20.1.2] AndroidManifest.xml:42:13-37
204            android:permission="android.permission.BIND_JOB_SERVICE" />
204-->[com.google.android.gms:play-services-measurement:20.1.2] AndroidManifest.xml:43:13-69
205
206        <meta-data
206-->[com.google.android.gms:play-services-basement:18.0.0] AndroidManifest.xml:21:9-23:69
207            android:name="com.google.android.gms.version"
207-->[com.google.android.gms:play-services-basement:18.0.0] AndroidManifest.xml:22:13-58
208            android:value="@integer/google_play_services_version" />
208-->[com.google.android.gms:play-services-basement:18.0.0] AndroidManifest.xml:23:13-66
209    </application>
210
211</manifest>